[    0.000000] Initializing cgroup subsys cpuset
[    0.000000] Initializing cgroup subsys cpu
[    0.000000] Initializing cgroup subsys cpuacct
[    0.000000] Linux version 4.4.0-124-generic (buildd@lcy01-amd64-028) (gcc version 5.4.0 20160609 (Ubuntu 5.4.0-6ubuntu1~16.04.9) ) #148-Ubuntu SMP Wed May 2 13:00:18 UTC 2018 (Ubuntu 4.4.0-124.148-generic 4.4.117)
[    0.000000] Command line: BOOT_IMAGE=/boot/vmlinuz-4.4.0-124-generic root=LABEL=cloudimg-rootfs ro console=tty1 console=ttyS0
[    0.000000] KERNEL supported cpus:
[    0.000000]   Intel GenuineIntel
[    0.000000]   AMD AuthenticAMD
[    0.000000]   Centaur CentaurHauls
[    0.000000] x86/fpu: xstate_offset[2]:  576, xstate_sizes[2]:  256
[    0.000000] x86/fpu: Supporting XSAVE feature 0x01: 'x87 floating point registers'
[    0.000000] x86/fpu: Supporting XSAVE feature 0x02: 'SSE registers'
[    0.000000] x86/fpu: Supporting XSAVE feature 0x04: 'AVX registers'
[    0.000000] x86/fpu: Enabled xstate features 0x7, context size is 832 bytes, using 'standard' format.
[    0.000000] x86/fpu: Using 'lazy' FPU context switches.
[    0.000000] e820: BIOS-provided physical RAM map:
[    0.000000] BIOS-e820: [mem 0x0000000000000000-0x000000000009fbff] usable
[    0.000000] BIOS-e820: [mem 0x000000000009fc00-0x000000000009ffff] reserved
[    0.000000] BIOS-e820: [mem 0x00000000000f0000-0x00000000000fffff] reserved
[    0.000000] BIOS-e820: [mem 0x0000000000100000-0x000000003ffeffff] usable
[    0.000000] BIOS-e820: [mem 0x000000003fff0000-0x000000003fffffff] ACPI data
[    0.000000] BIOS-e820: [mem 0x00000000fec00000-0x00000000fec00fff] reserved
[    0.000000] BIOS-e820: [mem 0x00000000fee00000-0x00000000fee00fff] reserved
[    0.000000] BIOS-e820: [mem 0x00000000fffc0000-0x00000000ffffffff] reserved
[    0.000000] NX (Execute Disable) protection: active
[    0.000000] SMBIOS 2.5 present.
[    0.000000] Hypervisor detected: KVM
[    0.000000] e820: last_pfn = 0x3fff0 max_arch_pfn = 0x400000000
[    0.000000] MTRR: Disabled
[    0.000000] x86/PAT: MTRRs disabled, skipping PAT initialization too.
[    0.000000] CPU MTRRs all blank - virtualized system.
[    0.000000] x86/PAT: Configuration [0-7]: WB  WT  UC- UC  WB  WT  UC- UC  
[    0.000000] found SMP MP-table at [mem 0x0009fff0-0x0009ffff] mapped at [ffff88000009fff0]
[    0.000000] Scanning 1 areas for low memory corruption
[    0.000000] RAMDISK: [mem 0x36a9c000-0x37545fff]
[    0.000000] ACPI: Early table checksum verification disabled
[    0.000000] ACPI: RSDP 0x00000000000E0000 000024 (v02 VBOX  )
[    0.000000] ACPI: XSDT 0x000000003FFF0030 00003C (v01 VBOX   VBOXXSDT 00000001 ASL  00000061)
[    0.000000] ACPI: FACP 0x000000003FFF00F0 0000F4 (v04 VBOX   VBOXFACP 00000001 ASL  00000061)
[    0.000000] ACPI: DSDT 0x000000003FFF0470 0021FF (v02 VBOX   VBOXBIOS 00000002 INTL 20100528)
[    0.000000] ACPI: FACS 0x000000003FFF0200 000040
[    0.000000] ACPI: FACS 0x000000003FFF0200 000040
[    0.000000] ACPI: APIC 0x000000003FFF0240 00005C (v02 VBOX   VBOXAPIC 00000001 ASL  00000061)
[    0.000000] ACPI: SSDT 0x000000003FFF02A0 0001CC (v01 VBOX   VBOXCPUT 00000002 INTL 20100528)
[    0.000000] No NUMA configuration found
[    0.000000] Faking a node at [mem 0x0000000000000000-0x000000003ffeffff]
[    0.000000] NODE_DATA(0) allocated [mem 0x3ffeb000-0x3ffeffff]
[    0.000000] kvm-clock: Using msrs 4b564d01 and 4b564d00
[    0.000000] kvm-clock: cpu 0, msr 0:3ffe3001, primary cpu clock
[    0.000000] kvm-clock: using sched offset of 3976400696 cycles
[    0.000000] clocksource: kvm-clock: mask: 0xffffffffffffffff max_cycles: 0x1cd42e4dffb, max_idle_ns: 881590591483 ns
[    0.000000] Zone ranges:
[    0.000000]   DMA      [mem 0x0000000000001000-0x0000000000ffffff]
[    0.000000]   DMA32    [mem 0x0000000001000000-0x000000003ffeffff]
[    0.000000]   Normal   empty
[    0.000000]   Device   empty
[    0.000000] Movable zone start for each node
[    0.000000] Early memory node ranges
[    0.000000]   node   0: [mem 0x0000000000001000-0x000000000009efff]
[    0.000000]   node   0: [mem 0x0000000000100000-0x000000003ffeffff]
[    0.000000] Initmem setup node 0 [mem 0x0000000000001000-0x000000003ffeffff]
[    0.000000] ACPI: PM-Timer IO Port: 0x4008
[    0.000000] IOAPIC[0]: apic_id 2, version 32, address 0xfec00000, GSI 0-23
[    0.000000] ACPI: INT_SRC_OVR (bus 0 bus_irq 0 global_irq 2 dfl dfl)
[    0.000000] ACPI: INT_SRC_OVR (bus 0 bus_irq 9 global_irq 9 low level)
[    0.000000] Using ACPI (MADT) for SMP configuration information
[    0.000000] smpboot: Allowing 2 CPUs, 0 hotplug CPUs
[    0.000000] PM: Registered nosave memory: [mem 0x00000000-0x00000fff]
[    0.000000] PM: Registered nosave memory: [mem 0x0009f000-0x0009ffff]
[    0.000000] PM: Registered nosave memory: [mem 0x000a0000-0x000effff]
[    0.000000] PM: Registered nosave memory: [mem 0x000f0000-0x000fffff]
[    0.000000] e820: [mem 0x40000000-0xfebfffff] available for PCI devices
[    0.000000] Booting paravirtualized kernel on KVM
[    0.000000] clocksource: refined-jiffies: mask: 0xffffffff max_cycles: 0xffffffff, max_idle_ns: 7645519600211568 ns
[    0.000000] setup_percpu: NR_CPUS:512 nr_cpumask_bits:512 nr_cpu_ids:2 nr_node_ids:1
[    0.000000] PERCPU: Embedded 34 pages/cpu @ffff88003fc00000 s99544 r8192 d31528 u1048576
[    0.000000] PV qspinlock hash table entries: 256 (order: 0, 4096 bytes)
[    0.000000] Built 1 zonelists in Node order, mobility grouping on.  Total pages: 257912
[    0.000000] Policy zone: DMA32
[    0.000000] Kernel command line: BOOT_IMAGE=/boot/vmlinuz-4.4.0-124-generic root=LABEL=cloudimg-rootfs ro console=tty1 console=ttyS0
[    0.000000] PID hash table entries: 4096 (order: 3, 32768 bytes)
[    0.000000] Memory: 1001604K/1048120K available (8532K kernel code, 1313K rwdata, 3996K rodata, 1508K init, 1316K bss, 46516K reserved, 0K cma-reserved)
[    0.000000] SLUB: HWalign=64, Order=0-3, MinObjects=0, CPUs=2, Nodes=1
[    0.000000] Kernel/User page tables isolation: enabled
[    0.000000] Hierarchical RCU implementation.
[    0.000000] 	Build-time adjustment of leaf fanout to 64.
[    0.000000] 	RCU restricting CPUs from NR_CPUS=512 to nr_cpu_ids=2.
[    0.000000] RCU: Adjusting geometry for rcu_fanout_leaf=64, nr_cpu_ids=2
[    0.000000] NR_IRQS:33024 nr_irqs:440 16
[    0.000000] Console: colour VGA+ 80x25
[    0.000000] console [tty1] enabled
[    0.000000] console [ttyS0] enabled
[    0.000000] tsc: Detected 4008.000 MHz processor
[    0.314929] Calibrating delay loop (skipped) preset value.. 8016.00 BogoMIPS (lpj=16032000)
[    0.319082] pid_max: default: 32768 minimum: 301
[    0.321242] ACPI: Core revision 20150930
[    0.323836] ACPI: 2 ACPI AML tables successfully acquired and loaded
[    0.327111] Security Framework initialized
[    0.329185] Yama: becoming mindful.
[    0.330936] AppArmor: AppArmor initialized
[    0.332946] Dentry cache hash table entries: 131072 (order: 8, 1048576 bytes)
[    0.338036] Inode-cache hash table entries: 65536 (order: 7, 524288 bytes)
[    0.341096] Mount-cache hash table entries: 2048 (order: 2, 16384 bytes)
[    0.344029] Mountpoint-cache hash table entries: 2048 (order: 2, 16384 bytes)
[    0.347256] Initializing cgroup subsys io
[    0.349238] Initializing cgroup subsys memory
[    0.351335] Initializing cgroup subsys devices
[    0.353495] Initializing cgroup subsys freezer
[    0.355585] Initializing cgroup subsys net_cls
[    0.357702] Initializing cgroup subsys perf_event
[    0.359884] Initializing cgroup subsys net_prio
[    0.362037] Initializing cgroup subsys hugetlb
[    0.364190] Initializing cgroup subsys pids
[    0.366451] CPU: Physical Processor ID: 0
[    0.368373] CPU: Processor Core ID: 0
[    0.370265] FEATURE SPEC_CTRL Not Present
[    0.373031] mce: CPU supports 0 MCE banks
[    0.375057] Last level iTLB entries: 4KB 64, 2MB 8, 4MB 8
[    0.377519] Last level dTLB entries: 4KB 64, 2MB 0, 4MB 0, 1GB 4
[    0.380241] Spectre V2 mitigation: Mitigation: Full generic retpoline
[    0.383095] Spectre V2 mitigation: Speculation control IBPB not-supported IBRS not-supported
[    0.386600] Spectre V2 mitigation: Filling RSB on context switch
[    0.395868] Freeing SMP alternatives memory: 32K
[    0.420664] ftrace: allocating 32202 entries in 126 pages
[    0.544151] smpboot: APIC(0) Converting physical 0 to logical package 0
[    0.547280] smpboot: Max logical packages: 1
[    0.549857] x2apic enabled
[    0.551737] Switched APIC routing to physical x2apic.
[    0.556078] ..TIMER: vector=0x30 apic1=0 pin1=2 apic2=-1 pin2=-1
[    0.665648] smpboot: CPU0: Intel(R) Core(TM) i7-6700K CPU @ 4.00GHz (family: 0x6, model: 0x5e, stepping: 0x3)
[    0.670615] Performance Events: unsupported p6 CPU model 94 no PMU driver, software events only.
[    0.675008] KVM setup paravirtual spinlock
[    0.677477] x86: Booting SMP configuration:
[    0.679530] .... node  #0, CPUs:      #1
[    0.681734] kvm-clock: cpu 1, msr 0:3ffe3041, secondary cpu clock
[    0.684974] mce: CPU supports 0 MCE banks
[    0.688340] x86: Booted up 1 node, 2 CPUs
[    0.690685] smpboot: Total of 2 processors activated (16032.00 BogoMIPS)
[    0.694063] devtmpfs: initialized
[    0.696933] evm: security.selinux
[    0.698634] evm: security.SMACK64
[    0.700326] evm: security.SMACK64EXEC
[    0.702194] evm: security.SMACK64TRANSMUTE
[    0.704211] evm: security.SMACK64MMAP
[    0.706032] evm: security.ima
[    0.707605] evm: security.capability
[    0.709569] clocksource: jiffies: mask: 0xffffffff max_cycles: 0xffffffff, max_idle_ns: 7645041785100000 ns
[    0.713985] futex hash table entries: 512 (order: 3, 32768 bytes)
[    0.716782] pinctrl core: initialized pinctrl subsystem
[    0.719307] RTC time: 14:55:39, date: 05/11/18
[    0.721620] NET: Registered protocol family 16
[    0.735218] cpuidle: using governor ladder
[    0.750899] cpuidle: using governor menu
[    0.752887] PCCT header not found.
[    0.754691] ACPI: bus type PCI registered
[    0.756635] acpiphp: ACPI Hot Plug PCI Controller Driver version: 0.5
[    0.759620] PCI: Using configuration type 1 for base access
[    0.775156] ACPI: Added _OSI(Module Device)
[    0.777179] ACPI: Added _OSI(Processor Device)
[    0.779382] ACPI: Added _OSI(3.0 _SCP Extensions)
[    0.781580] ACPI: Added _OSI(Processor Aggregator Device)
[    0.784945] ACPI: Executed 1 blocks of module-level executable AML code
[    0.789879] ACPI: Interpreter enabled
[    0.791680] ACPI: (supports S0 S5)
[    0.793457] ACPI: Using IOAPIC for interrupt routing
[    0.795982] PCI: Using host bridge windows from ACPI; if necessary, use "pci=nocrs" and report a bug
[    0.804919] ACPI: PCI Root Bridge [PCI0] (domain 0000 [bus 00-ff])
[    0.807877] acpi PNP0A03:00: _OSC: OS supports [ASPM ClockPM Segments MSI]
[    0.810935] acpi PNP0A03:00: _OSC: not requesting OS control; OS requires [ExtendedConfig ASPM ClockPM MSI]
[    0.815596] acpi PNP0A03:00: fail to add MMCONFIG information, can't access extended PCI configuration space under this bridge.
[    0.821270] PCI host bridge to bus 0000:00
[    0.823357] pci_bus 0000:00: root bus resource [io  0x0000-0x0cf7 window]
[    0.826319] pci_bus 0000:00: root bus resource [io  0x0d00-0xffff window]
[    0.829506] pci_bus 0000:00: root bus resource [mem 0x000a0000-0x000bffff window]
[    0.833074] pci_bus 0000:00: root bus resource [mem 0x40000000-0xfdffffff window]
[    0.836836] pci_bus 0000:00: root bus resource [bus 00-ff]
[    0.844504] pci 0000:00:01.1: legacy IDE quirk: reg 0x10: [io  0x01f0-0x01f7]
[    0.847599] pci 0000:00:01.1: legacy IDE quirk: reg 0x14: [io  0x03f6]
[    0.866797] pci 0000:00:01.1: legacy IDE quirk: reg 0x18: [io  0x0170-0x0177]
[    0.869873] pci 0000:00:01.1: legacy IDE quirk: reg 0x1c: [io  0x0376]
[    0.889276] pci 0000:00:07.0: quirk: [io  0x4000-0x403f] claimed by PIIX4 ACPI
[    0.892749] pci 0000:00:07.0: quirk: [io  0x4100-0x410f] claimed by PIIX4 SMB
[    0.909453] ACPI: PCI Interrupt Link [LNKA] (IRQs 5 9 10 *11)
[    0.913475] ACPI: PCI Interrupt Link [LNKB] (IRQs 5 9 *10 11)
[    0.917253] ACPI: PCI Interrupt Link [LNKC] (IRQs 5 *9 10 11)
[    0.921036] ACPI: PCI Interrupt Link [LNKD] (IRQs 5 9 10 *11)
[    0.924942] ACPI: Enabled 2 GPEs in block 00 to 07
[    0.927692] vgaarb: setting as boot device: PCI:0000:00:02.0
[    0.930270] vgaarb: device added: PCI:0000:00:02.0,decodes=io+mem,owns=io+mem,locks=none
[    0.934109] vgaarb: loaded
[    0.935732] vgaarb: bridge control possible 0000:00:02.0
[    0.938605] SCSI subsystem initialized
[    0.940690] ACPI: bus type USB registered
[    0.942869] usbcore: registered new interface driver usbfs
[    0.945489] usbcore: registered new interface driver hub
[    0.947983] usbcore: registered new device driver usb
[    0.952895] PCI: Using ACPI for IRQ routing
[    0.955674] NetLabel: Initializing
[    0.957467] NetLabel:  domain hash size = 128
[    0.959606] NetLabel:  protocols = UNLABELED CIPSOv4
[    0.961989] NetLabel:  unlabeled traffic allowed by default
[    0.964692] amd_nb: Cannot enumerate AMD northbridges
[    0.967078] clocksource: Switched to clocksource kvm-clock
[    0.977277] AppArmor: AppArmor Filesystem Enabled
[    0.979574] pnp: PnP ACPI init
[    0.982403] pnp: PnP ACPI: found 3 devices
[    0.994723] clocksource: acpi_pm: mask: 0xffffff max_cycles: 0xffffff, max_idle_ns: 2085701024 ns
[    0.998773] NET: Registered protocol family 2
[    1.000963] TCP established hash table entries: 8192 (order: 4, 65536 bytes)
[    1.004097] TCP bind hash table entries: 8192 (order: 5, 131072 bytes)
[    1.006927] TCP: Hash tables configured (established 8192 bind 8192)
[    1.009753] UDP hash table entries: 512 (order: 2, 16384 bytes)
[    1.012417] UDP-Lite hash table entries: 512 (order: 2, 16384 bytes)
[    1.015222] NET: Registered protocol family 1
[    1.017325] pci 0000:00:00.0: Limiting direct PCI/PCI transfers
[    1.020037] pci 0000:00:01.0: Activating ISA DMA hang workarounds
[    1.023023] Unpacking initramfs...
[    2.314731] Freeing initrd memory: 10920K
[    2.316951] platform rtc_cmos: registered platform RTC device (no PNP device found)
[    2.320561] Scanning for low memory corruption every 60 seconds
[    2.323516] audit: initializing netlink subsys (disabled)
[    2.325961] audit: type=2000 audit(1526050546.380:1): initialized
[    2.328906] Initialise system trusted keyring
[    2.331229] HugeTLB registered 2 MB page size, pre-allocated 0 pages
[    2.334911] zbud: loaded
[    2.336642] VFS: Disk quotas dquot_6.6.0
[    2.338582] VFS: Dquot-cache hash table entries: 512 (order 0, 4096 bytes)
[    2.341781] squashfs: version 4.0 (2009/01/31) Phillip Lougher
[    2.344623] fuse init (API version 7.23)
[    2.346719] Key type big_key registered
[    2.348650] Allocating IMA MOK and blacklist keyrings.
[    2.352892] Key type asymmetric registered
[    2.354852] Asymmetric key parser 'x509' registered
[    2.357138] Block layer SCSI generic (bsg) driver version 0.4 loaded (major 249)
[    2.360733] io scheduler noop registered
[    2.362623] io scheduler deadline registered (default)
[    2.365003] io scheduler cfq registered
[    2.366921] pci_hotplug: PCI Hot Plug PCI Core version: 0.5
[    2.370137] pciehp: PCI Express Hot Plug Controller Driver version: 0.4
[    2.373168] ACPI: AC Adapter [AC] (on-line)
[    2.375280] input: Power Button as /devices/LNXSYSTM:00/LNXPWRBN:00/input/input0
[    2.378899] ACPI: Power Button [PWRF]
[    2.380935] input: Sleep Button as /devices/LNXSYSTM:00/LNXSLPBN:00/input/input1
[    2.384470] ACPI: Sleep Button [SLPF]
[    2.386545] GHES: HEST is not enabled!
[    2.388547] Serial: 8250/16550 driver, 32 ports, IRQ sharing enabled
[    2.418708] 00:02: ttyS0 at I/O 0x3f8 (irq = 4, base_baud = 115200) is a 16550A
[    2.425239] Linux agpgart interface v0.103
[    2.429221] loop: module loaded
[    2.431770] scsi host0: ata_piix
[    2.433626] scsi host1: ata_piix
[    2.435312] ata1: PATA max UDMA/33 cmd 0x1f0 ctl 0x3f6 bmdma 0xd000 irq 14
[    2.438287] ata2: PATA max UDMA/33 cmd 0x170 ctl 0x376 bmdma 0xd008 irq 15
[    2.441391] libphy: Fixed MDIO Bus: probed
[    2.443423] tun: Universal TUN/TAP device driver, 1.6
[    2.445837] tun: (C) 1999-2004 Max Krasnyansky <maxk@qualcomm.com>
[    2.448666] PPP generic driver version 2.4.2
[    2.450775] ehci_hcd: USB 2.0 'Enhanced' Host Controller (EHCI) Driver
[    2.453638] ehci-pci: EHCI PCI platform driver
[    2.455750] ehci-platform: EHCI generic platform driver
[    2.458121] ohci_hcd: USB 1.1 'Open' Host Controller (OHCI) Driver
[    2.460885] ohci-pci: OHCI PCI platform driver
[    2.462983] ohci-platform: OHCI generic platform driver
[    2.465376] uhci_hcd: USB Universal Host Controller Interface driver
[    2.468232] i8042: PNP: PS/2 Controller [PNP0303:PS2K,PNP0f03:PS2M] at 0x60,0x64 irq 1,12
[    2.473359] serio: i8042 KBD port at 0x60,0x64 irq 1
[    2.475715] serio: i8042 AUX port at 0x60,0x64 irq 12
[    2.478266] mousedev: PS/2 mouse device common for all mice
[    2.481380] input: AT Translated Set 2 keyboard as /devices/platform/i8042/serio0/input/input2
[    2.486148] rtc_cmos rtc_cmos: rtc core: registered rtc_cmos as rtc0
[    2.489088] rtc_cmos rtc_cmos: alarms up to one day, 114 bytes nvram
[    2.491876] i2c /dev entries driver
[    2.493663] device-mapper: uevent: version 1.0.3
[    2.495957] device-mapper: ioctl: 4.34.0-ioctl (2015-10-28) initialised: dm-devel@redhat.com
[    2.499833] ledtrig-cpu: registered to indicate activity on CPUs
[    2.502988] NET: Registered protocol family 10
[    2.505266] NET: Registered protocol family 17
[    2.507348] Key type dns_resolver registered
[    2.510042] registered taskstats version 1
[    2.512076] Loading compiled-in X.509 certificates
[    2.514685] Loaded X.509 cert 'Build time autogenerated kernel key: 97a7db5071cab428e7f67f96f51ed8d32b3fc527'
[    2.519255] zswap: loaded using pool lzo/zbud
[    2.522670] Key type trusted registered
[    2.526944] Key type encrypted registered
[    2.528945] AppArmor: AppArmor sha1 policy hashing enabled
[    2.531424] ima: No TPM chip found, activating TPM-bypass!
[    2.533898] evm: HMAC attrs: 0x1
[    2.536414]   Magic number: 2:196:940
[    2.538327] rtc_cmos rtc_cmos: setting system clock to 2018-05-11 14:55:41 UTC (1526050541)
[    2.542319] BIOS EDD facility v0.16 2004-Jun-25, 0 devices found
[    2.545014] EDD information not available.
[    2.600488] Freeing unused kernel memory: 1508K
[    2.602663] Write protecting the kernel read-only data: 14336k
[    2.605643] Freeing unused kernel memory: 1696K
[    2.607945] Freeing unused kernel memory: 100K
Loading, please wait...
starting version 229
[    2.619543] random: udevadm: uninitialized urandom read (16 bytes read, 3 bits of entropy available)
[    2.619663] random: systemd-udevd: uninitialized urandom read (16 bytes read, 3 bits of entropy available)
[    2.619708] random: systemd-udevd: uninitialized urandom read (16 bytes read, 3 bits of entropy available)
[    2.619715] random: systemd-udevd: uninitialized urandom read (16 bytes read, 3 bits of entropy available)
[    2.619723] random: systemd-udevd: uninitialized urandom read (16 bytes read, 3 bits of entropy available)
[    2.641465] random: udevadm: uninitialized urandom read (16 bytes read, 3 bits of entropy available)
[    2.649017] random: systemd-udevd: uninitialized urandom read (16 bytes read, 3 bits of entropy available)
[    2.653441] random: systemd-udevd: uninitialized urandom read (16 bytes read, 3 bits of entropy available)
[    2.655846] random: udevadm: uninitialized urandom read (16 bytes read, 3 bits of entropy available)
[    2.655874] random: udevadm: uninitialized urandom read (16 bytes read, 3 bits of entropy available)
[    2.696313] Fusion MPT base driver 3.04.20
[    2.698401] Copyright (c) 1999-2008 LSI Corporation
[    2.703442] e1000: Intel(R) PRO/1000 Network Driver - version 7.3.21-k8-NAPI
[    2.706651] e1000: Copyright (c) 1999-2006 Intel Corporation.
[    2.719622] AVX2 version of gcm_enc/dec engaged.
[    2.728655] AES CTR mode by8 optimization enabled
[    2.734021] Fusion MPT SPI Host driver 3.04.20
[    2.902898] input: ImExPS/2 Generic Explorer Mouse as /devices/platform/i8042/serio1/input/input4
[    3.197166] e1000 0000:00:03.0 eth0: (PCI:33MHz:32-bit) 02:41:7b:83:f1:96
[    3.200226] e1000 0000:00:03.0 eth0: Intel(R) PRO/1000 Network Connection
[    3.203985] mptbase: ioc0: Initiating bringup
[    3.689088] tsc: Refined TSC clocksource calibration: 4007.509 MHz
[    3.691809] clocksource: tsc: mask: 0xffffffffffffffff max_cycles: 0x39c4127f64e, max_idle_ns: 440795404629 ns
[    3.736388] ioc0: LSI53C1030 A0: Capabilities={Initiator}
[    4.694241] scsi host2: ioc0: LSI53C1030 A0, FwRev=00000000h, Ports=1, MaxQ=256, IRQ=20
[    5.004415] scsi 2:0:0:0: Direct-Access     VBOX     HARDDISK         1.0  PQ: 0 ANSI: 5
[    5.008238] scsi target2:0:0: Beginning Domain Validation
[    5.012873] scsi target2:0:0: Domain Validation skipping write tests
[    5.015695] scsi target2:0:0: Ending Domain Validation
[    5.018095] scsi target2:0:0: asynchronous
[    5.020509] scsi 2:0:1:0: Direct-Access     VBOX     HARDDISK         1.0  PQ: 0 ANSI: 5
[    5.024251] scsi target2:0:1: Beginning Domain Validation
[    5.027661] scsi target2:0:1: Domain Validation skipping write tests
[    5.030428] scsi target2:0:1: Ending Domain Validation
[    5.032888] scsi target2:0:1: asynchronous
[    5.103702] sd 2:0:0:0: Attached scsi generic sg0 type 0
[    5.106385] sd 2:0:0:0: [sda] 20971520 512-byte logical blocks: (10.7 GB/10.0 GiB)
[    5.110709] sd 2:0:1:0: [sdb] 20480 512-byte logical blocks: (10.5 MB/10.0 MiB)
[    5.114421] sd 2:0:1:0: Attached scsi generic sg1 type 0
[    5.117312] sd 2:0:1:0: [sdb] Write Protect is off
[    5.119689] sd 2:0:0:0: [sda] Write Protect is off
[    5.122203] sd 2:0:1:0: [sdb] Incomplete mode parameter data
[    5.124887] sd 2:0:1:0: [sdb] Assuming drive cache: write through
[    5.127698] sd 2:0:0:0: [sda] Incomplete mode parameter data
[    5.130472] sd 2:0:0:0: [sda] Assuming drive cache: write through
[    5.135230]  sda: sda1
[    5.137614] sd 2:0:0:0: [sda] Attached SCSI disk
[    5.140494] sd 2:0:1:0: [sdb] Attached SCSI disk
[    5.724058] e1000 0000:00:08.0 eth1: (PCI:33MHz:32-bit) 08:00:27:f6:4a:6e
[    5.726972] e1000 0000:00:08.0 eth1: Intel(R) PRO/1000 Network Connection
[    6.371745] e1000 0000:00:09.0 eth2: (PCI:33MHz:32-bit) 08:00:27:e8:3c:7b
[    6.374915] e1000 0000:00:09.0 eth2: Intel(R) PRO/1000 Network Connection
[    6.379691] e1000 0000:00:03.0 enp0s3: renamed from eth0
[    6.395687] e1000 0000:00:09.0 enp0s9: renamed from eth2
[    6.411327] e1000 0000:00:08.0 enp0s8: renamed from eth1
Begin: Loading essential drivers ... [    7.909181] md: linear personality registered for level -1
[    7.924469] md: multipath personality registered for level -4
[    7.928734] md: raid0 personality registered for level 0
[    7.933330] md: raid1 personality registered for level 1
[    8.003490] raid6: sse2x1   gen() 14134 MB/s
[    8.071181] raid6: sse2x1   xor() 10327 MB/s
[    8.139368] raid6: sse2x2   gen() 16008 MB/s
[    8.207585] raid6: sse2x2   xor() 11571 MB/s
[    8.275572] raid6: sse2x4   gen() 18891 MB/s
[    8.343481] raid6: sse2x4   xor() 13270 MB/s
[    8.411200] raid6: avx2x1   gen() 28586 MB/s
[    8.479411] raid6: avx2x2   gen() 31931 MB/s
[    8.547138] raid6: avx2x4   gen() 34892 MB/s
[    8.549191] raid6: using algorithm avx2x4 gen() 34892 MB/s
[    8.551697] raid6: using avx2x2 recovery algorithm
[    8.555051] xor: automatically using best checksumming function:
[    8.595678]    avx       : 27959.000 MB/sec
[    8.598763] async_tx: api initialized (async)
[    8.607502] md: raid6 personality registered for level 6
[    8.609973] md: raid5 personality registered for level 5
[    8.612471] md: raid4 personality registered for level 4
[    8.618690] md: raid10 personality registered for level 10
done.
Begin: Running /scripts/init-premount ... done.
Begin: Mounting root file system ... Begin: Running /scripts/local-top ... done.
Begin: Running /scripts/local-premount ... [    8.648498] Btrfs loaded
Scanning for Btrfs filesystems
done.
Warning: fsck not present, so skipping root file system
[    8.713770] EXT4-fs (sda1): mounted filesystem with ordered data mode. Opts: (null)
done.
Begin: Running /scripts/local-bottom ... done.
Begin: Running /scripts/init-bottom ... done.
[    9.041822] systemd[1]: systemd 229 running in system mode. (+PAM +AUDIT +SELINUX +IMA +APPARMOR +SMACK +SYSVINIT +UTMP +LIBCRYPTSETUP +GCRYPT +GNUTLS +ACL +XZ -LZ4 +SECCOMP +BLKID +ELFUTILS +KMOD -IDN)
[    9.049854] systemd[1]: Detected virtualization oracle.
[    9.052377] systemd[1]: Detected architecture x86-64.

Welcome to [1mUbuntu 16.04.4 LTS[0m!

[    9.074061] systemd[1]: Set hostname to <ubuntu>.
[    9.087320] systemd[1]: Initializing machine ID from random generator.
[    9.090221] systemd[1]: Installed transient /etc/machine-id file.
[    9.385037] random: nonblocking pool is initialized
[    9.494233] systemd[1]: Reached target Swap.
[[0;32m  OK  [0m] Reached target Swap.
[    9.498688] systemd[1]: Listening on Syslog Socket.
[[0;32m  OK  [0m] Listening on Syslog Socket.
[    9.503846] systemd[1]: Created slice System Slice.
[[0;32m  OK  [0m] Created slice System Slice.
[    9.508652] systemd[1]: Listening on Journal Socket.
[[0;32m  OK  [0m] Listening on Journal Socket.
[    9.524063] systemd[1]: Mounting POSIX Message Queue File System...
         Mounting POSIX Message Queue File System...
[    9.536366] systemd[1]: Starting Load Kernel Modules...
         Starting Load Kernel Modules...
[    9.541407] systemd[1]: Starting Create list of required static device nodes for the current kernel...
         Starting Create list of required st... nodes for the current kernel...
[    9.549266] systemd[1]: Starting Remount Root and Kernel File Systems...
         Starting Remount Root and Kernel File Systems...
[    9.555662] systemd[1]: Starting Uncomplicated firewall...
         Starting Uncomplicated firewall...
[    9.560515] EXT4-fs (sda1): re-mounted. Opts: (null)
[    9.562888] systemd[1]: Listening on /dev/initctl Compatibility Named Pipe.
[[0;32m  OK  [0m] Listening on /dev/initctl Compatibility Named Pipe.
[    9.571367] systemd[1]: Mounting Debug File System...
         Mounting Debug File System...
[    9.578059] systemd[1]: Listening on Journal Audit Socket.
[[0;32m  OK  [0m] Listening on Journal Audit Socket.
[    9.584785] systemd[1]: Started Forward Password Requests to Wall Directory Watch.
[[0;32m  OK  [0m] Started Forward Password Requests to Wall Directory Watch.
[    9.592881] systemd[1]: Started Trigger resolvconf update for networkd DNS.
[[0;32m  OK  [0m] Started Trigger resolvconf update for networkd DNS.
[    9.600074] Loading iSCSI transport class v2.0-870.
[    9.602242] systemd[1]: Created slice system-serial\x2dgetty.slice.
[[0;32m  OK  [0m] Created slice system-serial\x2dgetty.slice.
[    9.609195] systemd[1]: Listening on Journal Socket (/dev/log).
[[0;32m  OK  [0m] Listening on Journal Socket (/dev/log).
[    9.616123] systemd[1]: Set up automount Arbitrary Executable File Formats File System Automount Point.
[[0;32m  OK  [0m] Set up automount Arbitrary Executab...ats File System Automount Point.[    9.624487] iscsi: registered transport (tcp)

[    9.638571] systemd[1]: Starting Nameserver information manager...
         Starting Nameserver information manager...
[    9.646066] systemd[1]: Listening on LVM2 metadata daemon socket.
[[0;32m  OK  [0m] Listening on LVM2 metadata daemon socket.
[    9.653450] systemd[1]: Starting Journal Service...
         Starting Journal Service...
[    9.658791] systemd[1]: Listening on udev Control Socket.
[[0;32m  OK  [0m] Listening on udev Control Socket.
[    9.665117] systemd[1]: Reached target User and Group Name Lookups.
[[0;32m  OK  [0m] Reached target User and Group Name Lookups.
[    9.672129] systemd[1]: Listening on Device-mapper event daemon FIFOs.
[[0;32m  OK  [0m] Listening on Device-mapper event daemon FIFOs.
[    9.691761] systemd[1]: Starting Monitoring of LVM2 mirrors, snapshots etc. using dmeventd or progress polling...
         Starting Monitoring of LVM2 mirrors... dmeventd or progress polling...
[    9.700586] systemd[1]: Listening on LVM2 poll daemon socket.
[[0;32m  OK  [0m] Listening on LVM2 poll daemon socket.
[    9.711162] systemd[1]: Listening on udev Kernel Socket.
[[0;32m  OK  [0m] Listening on udev Kernel Socket.
[    9.717421] systemd[1]: Reached target Encrypted Volumes.
[[0;32m  OK  [0m] Reached target Encrypted Volumes.
[    9.723533] iscsi: registered transport (iser)
[    9.725688] systemd[1]: Created slice User and Session Slice.
[[0;32m  OK  [0m] Created slice User and Session Slice.
[    9.732399] systemd[1]: Reached target Slices.
[[0;32m  OK  [0m] Reached target Slices.
[    9.751193] systemd[1]: Starting Set console keymap...
         Starting Set console keymap...
[    9.756958] systemd[1]: Mounting Huge Pages File System...
         Mounting Huge Pages File System...
[    9.763221] systemd[1]: Reached target System Time Synchronized.
[[0;32m  OK  [0m] Reached target System Time Synchronized.
[    9.772190] systemd[1]: Mounted Huge Pages File System.
[[0;32m  OK  [0m] Mounted Huge Pages File System.
[    9.783864] systemd[1]: Mounted Debug File System.
[[0;32m  OK  [0m] Mounted Debug File System.
[    9.789684] systemd[1]: Mounted POSIX Message Queue File System.
[[0;32m  OK  [0m] Mounted POSIX Message Queue File System.
[    9.796975] systemd[1]: Started Load Kernel Modules.
[[0;32m  OK  [0m] Started Load Kernel Modules.
[    9.803459] systemd[1]: Started Create list of required static device nodes for the current kernel.
[[0;32m  OK  [0m] Started Create list of required sta...ce nodes for the current kernel.
[    9.813230] systemd[1]: Started Remount Root and Kernel File Systems.
[[0;32m  OK  [0m] Started Remount Root and Kernel File Systems.
[    9.822733] systemd[1]: Started Uncomplicated firewall.
[[0;32m  OK  [0m] Started Uncomplicated firewall.
[    9.844346] systemd[1]: Started Set console keymap.
[[0;32m  OK  [0m] Started Set console keymap.
[    9.850646] systemd[1]: Started Nameserver information manager.
[[0;32m  OK  [0m] Started Nameserver information manager.
[    9.858211] systemd[1]: Started Journal Service.
[[0;32m  OK  [0m] Started Journal Service.
[[0;32m  OK  [0m] Started LVM2 metadata daemon.
         Starting Load/Save Random Seed...
         Starting Initial cloud-init job (pre-networking)...
         Starting Flush Journal to Persistent Storage...
         Starting udev Coldplug all Devices...
         Starting Create Static Device Nodes in /dev...
         Mounting FUSE Control File System...
         Starting Apply Kernel Variables...
[[0;32m  OK  [0m] Mounted FUSE Control File System.
[[0;32m  OK  [0m] Started Load/Save Random Seed.
[    9.967478] systemd-journald[398]: Received request to flush runtime journal from PID 1
[[0;32m  OK  [0m] Started Flush Journal to Persistent Storage.
[[0;32m  OK  [0m] Started udev Coldplug all Devices.
[[0;32m  OK  [0m] Started Apply Kernel Variables.
[[0;32m  OK  [0m] Started Create Static Device Nodes in /dev.
         Starting udev Kernel Device Manager...
[[0;32m  OK  [0m] Started udev Kernel Device Manager.
[[0;32m  OK  [0m] Started Dispatch Password Requests to Console Directory Watch.
[[0;32m  OK  [0m] Found device /dev/ttyS0.
[[0;32m  OK  [0m] Started Monitoring of LVM2 mirrors,...ng dmeventd or progress polling.
[[0;32m  OK  [0m] Reached target Local File Systems (Pre).
[[0;32m  OK  [0m] Reached target Local File Systems.
         Starting Set console font and keymap...
         Starting Create Volatile Files and Directories...
         Starting Tell Plymouth To Write Out Runtime Data...
         Starting LSB: AppArmor initialization...
         Starting Commit a transient machine-id on disk...
[[0;32m  OK  [0m] Started Create Volatile Files and Directories.
[[0;32m  OK  [0m] Started Commit a transient machine-id on disk.
         Starting Update UTMP about System Boot/Shutdown...
[[0;32m  OK  [0m] Started Tell Plymouth To Write Out Runtime Data.
[[0;32m  OK  [0m] Started Update UTMP about System Boot/Shutdown.
[[0;32m  OK  [0m] Listening on Load/Save RF Kill Switch Status /dev/rfkill Watch.
[[0;32m  OK  [0m] Started LSB: AppArmor initialization.
[[0;32m  OK  [0m] Started Set console font and keymap.
[[0;32m  OK  [0m] Created slice system-getty.slice.
[   12.250967] cloud-init[431]: Cloud-init v. 18.2 running 'init-local' at Fri, 11 May 2018 14:55:51 +0000. Up 11.96 seconds.
[[0;32m  OK  [0m] Started Initial cloud-init job (pre-networking).
[[0;32m  OK  [0m] Reached target Network (Pre).
         Starting Raise network interfaces...
[[0;32m  OK  [0m] Started Raise network interfaces.
         Starting Initial cloud-init job (metadata service crawler)...
[[0;32m  OK  [0m] Reached target Network.
[   13.759045] cloud-init[950]: Cloud-init v. 18.2 running 'init' at Fri, 11 May 2018 14:55:52 +0000. Up 12.67 seconds.
[   13.763392] cloud-init[950]: ci-info: ++++++++++++++++++++++++++++++++++++++Net device info++++++++++++++++++++++++++++++++++++++
[   13.768188] cloud-init[950]: ci-info: +--------+-------+----------------------------+---------------+-------+-------------------+
[   13.772830] cloud-init[950]: ci-info: | Device |   Up  |          Address           |      Mask     | Scope |     Hw-Address    |
[   13.777441] cloud-init[950]: ci-info: +--------+-------+----------------------------+---------------+-------+-------------------+
[   13.786935] cloud-init[950]: ci-info: | enp0s3 |  True |         10.0.2.15          | 255.255.255.0 |   .   | 02:41:7b:83:f1:96 |
[   13.791611] cloud-init[950]: ci-info: | enp0s3 |  True | fe80::41:7bff:fe83:f196/64 |       .       |  link | 02:41:7b:83:f1:96 |
[   13.796307] cloud-init[950]: ci-info: | enp0s8 | False |             .              |       .       |   .   | 08:00:27:f6:4a:6e |
[   13.801119] cloud-init[950]: ci-info: | enp0s9 | False |             .              |       .       |   .   | 08:00:27:e8:3c:7b |
[   13.805721] cloud-init[950]: ci-info: |   lo   |  True |         127.0.0.1          |   255.0.0.0   |   .   |         .         |
[   13.810336] cloud-init[950]: ci-info: |   lo   |  True |          ::1/128           |       .       |  host |         .         |
[   13.815203] cloud-init[950]: ci-info: +--------+-------+----------------------------+---------------+-------+-------------------+
[   13.819955] cloud-init[950]: ci-info: +++++++++++++++++++++++++++Route IPv4 info++++++++++++++++++++++++++++
[   13.824109] cloud-init[950]: ci-info: +-------+-------------+----------+---------------+-----------+-------+
[   13.828408] cloud-init[950]: ci-info: | Route | Destination | Gateway  |    Genmask    | Interface | Flags |
[   13.832886] cloud-init[950]: ci-info: +-------+-------------+----------+---------------+-----------+-------+
[   13.837431] cloud-init[950]: ci-info: |   0   |   0.0.0.0   | 10.0.2.2 |    0.0.0.0    |   enp0s3  |   UG  |
[   13.841647] cloud-init[950]: ci-info: |   1   |   10.0.2.0  | 0.0.0.0  | 255.255.255.0 |   enp0s3  |   U   |
[   13.845853] cloud-init[950]: ci-info: +-------+-------------+----------+---------------+-----------+-------+
[   13.850080] cloud-init[950]: Generating public/private rsa key pair.
[   13.853109] cloud-init[950]: Your identification has been saved in /etc/ssh/ssh_host_rsa_key.
[   13.856811] cloud-init[950]: Your public key has been saved in /etc/ssh/ssh_host_rsa_key.pub.
[   13.860503] cloud-init[950]: The key fingerprint is:
[   13.863109] cloud-init[950]: SHA256:ZAPmk0UtgebifHn3Sl/VOE1+q+wAwU+CCc/dTxVoKHA root@ubuntu-xenial
[   13.867022] cloud-init[950]: The key's randomart image is:
[   13.867828] cloud-init[950]: +---[RSA 2048]----+
[   13.868279] cloud-init[950]: |     .o+=E  . .o.|
[   13.868668] cloud-init[950]: |     o*+B.o. o.  |
[   13.869087] cloud-init[950]: |     o+=+*.o..  .|
[   13.869470] cloud-init[950]: |    . .+ .= o  =.|
[   13.869908] cloud-init[950]: |   o . .S. . .o *|
[   13.870271] cloud-init[950]: |    o o . o    oo|
[   13.870669] cloud-init[950]: |     . . ..o  .. |
[   13.871104] cloud-init[950]: |         . .+..  |
[   13.871494] cloud-init[950]: |          ..o+   |
[   13.871913] cloud-init[950]: +----[SHA256]-----+
[   13.872331] cloud-init[950]: Generating public/private dsa key pair.
[   13.872715] cloud-init[950]: Your identification has been saved in /etc/ssh/ssh_host_dsa_key.
[   13.873121] cloud-init[950]: Your public key has been saved in /etc/ssh/ssh_host_dsa_key.pub.
[   13.873512] cloud-init[950]: The key fingerprint is:
[   13.873933] cloud-init[950]: SHA256:XR2PKe1PIfIuShYpJtE/t+kQ3eAa4zrCLZQhogioRko root@ubuntu-xenial
[   13.874321] cloud-init[950]: The key's randomart image is:
[   13.874729] cloud-init[950]: +---[DSA 1024]----+
[   13.875131] cloud-init[950]: |              .  |
[   13.875521] cloud-init[950]: |      .      o = |
[   13.875990] cloud-init[950]: |.    . .   oo.=..|
[   13.876428] cloud-init[950]: |oE . .. ..+.=o. .|
[   13.876821] cloud-init[950]: |O . ..ooSO.+ o. .|
[   13.877215] cloud-init[950]: |=.   oo o O +  o |
[   13.877617] cloud-init[950]: |.   o .  * + .  .|
[   13.878033] cloud-init[950]: |     + o+ + .    |
[   13.878425] cloud-init[950]: |      o... .     |
[   13.878861] cloud-init[950]: +----[SHA256]-----+
[   13.879268] cloud-init[950]: Generating public/private ecdsa key pair.
[   13.879712] cloud-init[950]: Your identification has been saved in /etc/ssh/ssh_host_ecdsa_key.
[   13.880170] cloud-init[950]: Your public key has been saved in /etc/ssh/ssh_host_ecdsa_key.pub.
[   13.880510] cloud-init[950]: The key fingerprint is:
[   13.880977] cloud-init[950]: SHA256:3COWjcQ4Coi3XzUYu64ZiFYqN1y/DDrtiU7s3bTaiNY root@ubuntu-xenial
[   13.881370] cloud-init[950]: The key's randomart image is:
[   13.881782] cloud-init[950]: +---[ECDSA 256]---+
[   13.882174] cloud-init[950]: |      .          |
[   13.882575] cloud-init[950]: |..     *         |
[   13.882992] cloud-init[950]: |o o   = =        |
[   13.883385] cloud-init[950]: | . o . * *       |
[   13.883821] cloud-init[950]: |  ..o o S +      |
[   13.884244] cloud-init[950]: | +o+ + . . .     |
[   13.884635] cloud-init[950]: |ooBo+ +          |
[   13.885029] cloud-init[950]: |o+o*E% o         |
[   13.885427] cloud-init[950]: | o*oO.*          |
[   13.885842] cloud-init[950]: +----[SHA256]-----+
[   13.886233] cloud-init[950]: Generating public/private ed25519 key pair.
[   13.886666] cloud-init[950]: Your identification has been saved in /etc/ssh/ssh_host_ed25519_key.
[   13.887064] cloud-init[950]: Your public key has been saved in /etc/ssh/ssh_host_ed25519_key.pub.
[   13.887461] cloud-init[950]: The key fingerprint is:
[   13.887895] cloud-init[950]: SHA256:TPQguNdI2c6ei4ENkX7EOZ9LCSv2KiZ4QXJriJrq65M root@ubuntu-xenial
[   13.888308] cloud-init[950]: The key's randomart image is:
[   13.888699] cloud-init[950]: +--[ED25519 256]--+
[   13.889097] cloud-init[950]: |     +.+o        |
[   13.889532] cloud-init[950]: |    + Oo.o       |
[   13.889911] cloud-init[950]: |   . = X.o.      |
[   13.890302] cloud-init[950]: |. o * =oO        |
[   13.890722] cloud-init[950]: |.= o O oSo       |
[   13.891109] cloud-init[950]: |o + . + +        |
[   13.891524] cloud-init[950]: |oo.. . o .       |
[   13.891920] cloud-init[950]: |=E+ . . .        |
[   13.892339] cloud-init[950]: |=Bo.             |
[   13.892739] cloud-init[950]: +----[SHA256]-----+
[[0;32m  OK  [0m] Started Initial cloud-init job (metadata service crawler).
[[0;32m  OK  [0m] Reached target Cloud-config availability.
[[0;32m  OK  [0m] Reached target Network is Online.
         Starting iSCSI initiator daemon (iscsid)...
[[0;32m  OK  [0m] Reached target System Initialization.
[[0;32m  OK  [0m] Listening on ACPID Listen Socket.
[[0;32m  OK  [0m] Listening on UUID daemon activation socket.
[[0;32m  OK  [0m] Started ACPI Events Check.
[[0;32m  OK  [0m] Reached target Paths.
         Starting LXD - unix socket.
[[0;32m  OK  [0m] Started Daily apt download activities.
[[0;32m  OK  [0m] Started Daily Cleanup of Temporary Directories.
         Starting Socket activation for snappy daemon.
[[0;32m  OK  [0m] Started Daily apt upgrade and clean activities.
[[0;32m  OK  [0m] Listening on D-Bus System Message Bus Socket.
[[0;32m  OK  [0m] Reached target Timers.
[[0;32m  OK  [0m] Listening on LXD - unix socket.
[[0;32m  OK  [0m] Listening on Socket activation for snappy daemon.
[[0;32m  OK  [0m] Reached target Sockets.
[[0;32m  OK  [0m] Reached target Basic System.
         Starting System Logging Service...
         Starting LXD - container startup/shutdown...
[[0;32m  OK  [0m] Started FUSE filesystem for LXC.
         Starting Login Service...
         Starting Apply the settings specified in cloud-config...
         Starting LSB: MD monitoring daemon...
[[0;32m  OK  [0m] Started ACPI event daemon.
[[0;32m  OK  [0m] Started Unattended Upgrades Shutdown.
         Starting Virtualbox guest utils...
         Starting /etc/rc.local Compatibility...
         Starting Accounts Service...
[[0;32m  OK  [0m] Started Regular background program processing daemon.
         Starting LSB: Record successful boot for GRUB...
[[0;32m  OK  [0m] Started Deferred execution scheduler.
[[0;32m  OK  [0m] Started D-Bus System Message Bus.
[   14.866282] cloud-init[1053]: Generating locales (this might take a while)...
         Starting Snappy daemon...
         Starting Pollinate to seed the pseudo random number generator...
[[0;32m  OK  [0m] Started System Logging Service.
[[0;32m  OK  [0m] Started iSCSI initiator daemon (iscsid).
[[0;32m  OK  [0m] Started /etc/rc.local Compatibility.
         Starting Login to default iSCSI targets...
[[0;32m  OK  [0m] Started Login Service.
[[0;32m  OK  [0m] Started LSB: Record successful boot for GRUB.
[[0;32m  OK  [0m] Started Login to default iSCSI targets.
[[0;32m  OK  [0m] Reached target Remote File Systems (Pre).
[[0;32m  OK  [0m] Reached target Remote File Systems.
         Starting LSB: Set the CPU Frequency Scaling governor to "ondemand"...
         Starting LSB: daemon to balance interrupts for SMP systems...
         Starting Permit User Sessions...
         Starting LSB: automatic crash report generation...
         Starting Authenticate and Authorize Users to Run Privileged Tasks...
[[0;32m  OK  [0m] Started LSB: MD monitoring daemon.
[[0;32m  OK  [0m] Started LSB: Set the CPU Frequency Scaling governor to "ondemand".
[[0;32m  OK  [0m] Started Permit User Sessions.
         Starting Hold until boot process finishes up...
         Starting Terminate Plymouth Boot Screen...
[[0;32m  OK  [0m] Started Hold until boot process finishes up.
[[0;32m  OK  [0m] Started Terminate Plymouth Boot Screen.
[[0;32m  OK  [0m] Started Serial Getty on ttyS0.
[[0;32m  OK  [0m] Started Getty on tty1.
[[0;32m  OK  [0m] Reached target Login Prompts.
         Starting Set console scheme...
[[0;32m  OK  [0m] Started LSB: automatic crash report generation.
[[0;32m  OK  [0m] Started Set console scheme.
[[0;32m  OK  [0m] Started LSB: daemon to balance interrupts for SMP systems.
[[0;32m  OK  [0m] Started Authenticate and Authorize Users to Run Privileged Tasks.
[[0;32m  OK  [0m] Started Accounts Service.
[[0;32m  OK  [0m] Started Virtualbox guest utils.
[[0;32m  OK  [0m] Started LXD - container startup/shutdown.
[[0;32m  OK  [0m] Started Snappy daemon.
[   17.102898] cloud-init[1053]:   en_US.UTF-8... done
[   17.106777] cloud-init[1053]: Generation complete.
[[0;32m  OK  [0m] Started Pollinate to seed the pseudo random number generator.
         Starting OpenBSD Secure Shell server...
[[0;32m  OK  [0m] Started OpenBSD Secure Shell server.
[[0;32m  OK  [0m] Reached target Multi-User System.
[[0;32m  OK  [0m] Reached target Graphical Interface.
         Starting Update UTMP about System Runlevel Changes...
[[0;32m  OK  [0m] Started Update UTMP about System Runlevel Changes.
[   17.901261] cloud-init[1053]: Cloud-init v. 18.2 running 'modules:config' at Fri, 11 May 2018 14:55:53 +0000. Up 14.30 seconds.
[[0;32m  OK  [0m] Started Apply the settings specified in cloud-config.
         Starting Execute cloud user/final scripts...
ci-info: no authorized ssh keys fingerprints found for user ubuntu.
<14>May 11 14:55:57 ec2: 
<14>May 11 14:55:57 ec2: #############################################################
<14>May 11 14:55:57 ec2: -----BEGIN SSH HOST KEY FINGERPRINTS-----
<14>May 11 14:55:57 ec2: 1024 SHA256:XR2PKe1PIfIuShYpJtE/t+kQ3eAa4zrCLZQhogioRko root@ubuntu-xenial (DSA)
<14>May 11 14:55:57 ec2: 256 SHA256:3COWjcQ4Coi3XzUYu64ZiFYqN1y/DDrtiU7s3bTaiNY root@ubuntu-xenial (ECDSA)
<14>May 11 14:55:57 ec2: 256 SHA256:TPQguNdI2c6ei4ENkX7EOZ9LCSv2KiZ4QXJriJrq65M root@ubuntu-xenial (ED25519)
<14>May 11 14:55:57 ec2: 2048 SHA256:ZAPmk0UtgebifHn3Sl/VOE1+q+wAwU+CCc/dTxVoKHA root@ubuntu-xenial (RSA)
<14>May 11 14:55:57 ec2: -----END SSH HOST KEY FINGERPRINTS-----
<14>May 11 14:55:57 ec2: #############################################################
-----BEGIN SSH HOST KEY KEYS-----
ecdsa-sha2-nistp256 AAAAE2VjZHNhLXNoYTItbmlzdHAyNTYAAAAIbmlzdHAyNTYAAABBBLZ3mjC2iI9BQXxA9+78PLlw9Iv13d+a4UpZnxDjcCDE1H1UyMao9P2vq1t/yLXctljfVkiL3w3zociqYnKiYVU= root@ubuntu-xenial
ssh-ed25519 AAAAC3NzaC1lZDI1NTE5AAAAICu3/3qFJ8hBDa1PPXhut72AsoPvjA1lccp435+xOmzd root@ubuntu-xenial
ssh-rsa AAAAB3NzaC1yc2EAAAADAQABAAABAQDO9GQ2NBHQs4G/cd1m4qOevYfA7EmKBlfxRuIQ91UhUkgM2/5p3vGFHFcvgF33RQoY9t6rbbgiMD4XYP891ID1wUFqUz66+/43vkFQYJqWwRT246Jf1zzWMbQDdTGhN52uNdC260lYkudVyZ+tbB2PWv1evxydL2Do7IYwtOXavtHdpl1J4AvwPtIpRWdAU2/ysY1hlEHYhQlBt2nC9nCWLVvQo94SzcgOdU7lmZOZR8nnSCT6k21NVgW9+7SNnX8laMWNqzrRn7N3x6lt2JgXCG9/RZCZbiM7Kih00trgvf6cJjOy8TtWRBde72Wv1yh0rvqPJyr/uHeEgoB6ltFL root@ubuntu-xenial
-----END SSH HOST KEY KEYS-----
[   18.280901] cloud-init[1307]: Cloud-init v. 18.2 running 'modules:final' at Fri, 11 May 2018 14:55:57 +0000. Up 18.09 seconds.
[   18.288285] cloud-init[1307]: ci-info: no authorized ssh keys fingerprints found for user ubuntu.
[   18.294739] cloud-init[1307]: Cloud-init v. 18.2 finished at Fri, 11 May 2018 14:55:57 +0000. Datasource DataSourceNoCloud [seed=/dev/sdb][dsmode=net].  Up 18.27 seconds
[[0;32m  OK  [0m] Started Execute cloud user/final scripts.
[[0;32m  OK  [0m] Reached target Cloud-init target.

Ubuntu 16.04.4 LTS ubuntu-xenial ttyS0

ubuntu-xenial login: 